xrun: 23.09-s001: (c) Copyright 1995-2023 Cadence Design Systems, Inc.
TOOL:	xrun	23.09-s001: Started on Jun 11, 2025 at 09:33:09 EDT
xrun
	-Q
	-unbuffered
	-timescale 1ns/1ns
	-sysv
	-access +rw
	design.sv
	testbench.sv
	Top level design units:
		muxEsomador_t
Loading snapshot worklib.muxEsomador_t:sv .................... Done
xcelium> source /xcelium23.09/tools/xcelium/files/xmsimrc
xcelium> run
$time=0, A=3, B=5, C=9, S=1, RES=8
$time=10, A=3, B=4, C=9, S=0, RES=c
Simulation complete via $finish(1) at time 12 NS + 0
./testbench.sv:20     #2 $finish;
xcelium> exit
TOOL:	xrun	23.09-s001: Exiting on Jun 11, 2025 at 09:33:10 EDT  (total: 00:00:01)
