xrun: 23.09-s001: (c) Copyright 1995-2023 Cadence Design Systems, Inc.
TOOL:	xrun	23.09-s001: Started on Jun 11, 2025 at 09:36:19 EDT
xrun
	-Q
	-unbuffered
	-timescale 1ns/1ns
	-sysv
	-access +rw
	design.sv
	testbench.sv
	Top level design units:
		xor_t
Loading snapshot worklib.xor_t:sv .................... Done
xcelium> source /xcelium23.09/tools/xcelium/files/xmsimrc
xcelium> run
time = 0, ia = 1, ib= 0, s= 1
time = 10, ia = 1, ib= 1, s= 0
time = 20, ia = 0, ib= 1, s= 1
time = 30, ia = 0, ib= 0, s= 0
xmsim: *W,RNQUIE: Simulation is complete.
xcelium> exit
TOOL:	xrun	23.09-s001: Exiting on Jun 11, 2025 at 09:36:21 EDT  (total: 00:00:02)
